Warning: Found unknown `coverage` config for profile `default` defined in foundry.toml.
Warning: Found unknown `exclude` config for profile `default` defined in foundry.toml.
No files changed, compilation skipped

Ran 6 tests for test/integration/UMAMarketIntegration.t.sol:UMAMarketIntegrationTest
[PASS] test_CannotProposeWithoutBondAllowance() (gas: 155283)
[PASS] test_FullLifecycle_NoDispute() (gas: 1389159)
[PASS] test_FullLifecycle_WithDispute_DisputerWins() (gas: 1048615)
[PASS] test_FullLifecycle_WithDispute_ProposerWins() (gas: 1176058)
[PASS] test_RevertIf_DisputeAfterLiveness() (gas: 636313)
[PASS] test_RevertIf_ResolveBeforeFinalized() (gas: 663142)
Suite result: ok. 6 passed; 0 failed; 0 skipped; finished in 3.07ms (3.01ms CPU time)

Ran 10 tests for test/unit/Coupon.t.sol:CouponTest
[PASS] test_Constructor() (gas: 7916)
[PASS] test_CreateCouponType() (gas: 177249)
[PASS] test_GetCouponStatus() (gas: 101910)
[PASS] test_IsCouponValid() (gas: 110554)
[PASS] test_Mint() (gas: 96595)
[PASS] test_PreviewBoostedOdds() (gas: 14937)
[PASS] test_RevertWhen_CreateCouponTypeInvalidBoost() (gas: 33693)
[PASS] test_RevertWhen_UseCouponInsufficientBalance() (gas: 51192)
[PASS] test_UsageHistory() (gas: 371671)
[PASS] test_UseCoupon() (gas: 349299)
Suite result: ok. 10 passed; 0 failed; 0 skipped; finished in 3.29ms (1.87ms CPU time)

Ran 26 tests for test/unit/LiquidityVault.t.sol:LiquidityVaultTest
[PASS] testRevert_AuthorizeMarket_Duplicate() (gas: 37887)
[PASS] testRevert_Borrow_ExceedsMarketLimit() (gas: 210471)
[PASS] testRevert_Borrow_ExceedsUtilization() (gas: 206447)
[PASS] testRevert_Borrow_Unauthorized() (gas: 198034)
[PASS] testRevert_EmergencyWithdraw_ExceedsAvailable() (gas: 294133)
[PASS] testRevert_Repay_ExceedsBorrowed() (gas: 340040)
[PASS] testRevert_RevokeMarket_WithDebt() (gas: 291505)
[PASS] testRevert_Withdraw_InsufficientLiquidity() (gas: 294770)
[PASS] test_AuthorizeMarket() (gas: 94172)
[PASS] test_AvailableLiquidity_AfterBorrow() (gas: 277929)
[PASS] test_Borrow_UpdatesState() (gas: 295780)
[PASS] test_Deposit_MintShares() (gas: 185673)
[PASS] test_EmergencyWithdraw() (gas: 242387)
[PASS] test_GetCurrentYield() (gas: 409345)
[PASS] test_GetMarketBorrowInfo() (gas: 275892)
[PASS] test_MaxWithdraw_LimitedByLiquidity() (gas: 277986)
[PASS] test_MultipleDepositors_SharesCalculation() (gas: 314001)
[PASS] test_MultipleLP_RevenueDistribution() (gas: 516349)
[PASS] test_Pause_StopsDeposits() (gas: 116328)
[PASS] test_Redeem_ConvertSharesToAssets() (gas: 240432)
[PASS] test_Repay_UpdatesStateAndRevenue() (gas: 387448)
[PASS] test_Revenue_IncreasesShareValue() (gas: 509025)
[PASS] test_RevokeMarket() (gas: 37928)
[PASS] test_Unpause_ResumesDeposits() (gas: 232952)
[PASS] test_Vault_BasicInfo() (gas: 22934)
[PASS] test_Withdraw_BurnShares() (gas: 245958)
Suite result: ok. 26 passed; 0 failed; 0 skipped; finished in 10.35ms (4.99ms CPU time)

Ran 19 tests for test/unit/MockOracle.t.sol:MockOracleTest
[PASS] test_BatchProposeResults_RevertWhen_LengthMismatch() (gas: 36358)
[PASS] test_BatchProposeResults_Success() (gas: 316999)
[PASS] test_GetResultHash_ReturnsZero_WhenNotSubmitted() (gas: 8151)
[PASS] test_GetResult_RevertWhen_NotFound() (gas: 13960)
[PASS] test_IsFinalized_ReturnsFalse_WhenNotSubmitted() (gas: 7707)
[PASS] test_ProposeResult_BoundaryGoals_Max() (gas: 169128)
[PASS] test_ProposeResult_CurrentTimestamp() (gas: 168466)
[PASS] test_ProposeResult_FT120_WithExtraTime() (gas: 169089)
[PASS] test_ProposeResult_FT90_Draw() (gas: 169360)
[PASS] test_ProposeResult_FT90_HomeWin() (gas: 188566)
[PASS] test_ProposeResult_Penalties_HomeWin() (gas: 168936)
[PASS] test_ProposeResult_RevertWhen_AlreadySubmitted() (gas: 186040)
[PASS] test_ProposeResult_RevertWhen_FutureTimestamp() (gas: 37518)
[PASS] test_ProposeResult_RevertWhen_GoalsExceedLimit() (gas: 37138)
[PASS] test_ProposeResult_RevertWhen_InvalidScope() (gas: 36828)
[PASS] test_ProposeResult_RevertWhen_NotOwner() (gas: 37387)
[PASS] test_ProposeResult_RevertWhen_PenaltiesDataMissing() (gas: 38045)
[PASS] test_ProposeResult_RevertWhen_PenaltiesWithoutExtraTime() (gas: 37519)
[PASS] test_ProposeResult_RevertWhen_UnexpectedPenaltiesData() (gas: 37703)
Suite result: ok. 19 passed; 0 failed; 0 skipped; finished in 10.99ms (1.50ms CPU time)

Ran 23 tests for test/unit/OU_MultiLine.t.sol:OU_MultiLineTest
[PASS] testRevert_AutoLock_TooEarly() (gas: 35652)
[PASS] testRevert_Constructor_IntegerLineNotAllowed() (gas: 4408352)
[PASS] testRevert_Constructor_LinesNotSorted() (gas: 4408822)
[PASS] testRevert_Constructor_NoLines() (gas: 4405510)
[PASS] testRevert_PlaceBet_InvalidOutcome() (gas: 97050)
[PASS] testRevert_SetPricingEngine_NotOwner() (gas: 791301)
[PASS] test_AutoLock_Success() (gas: 86020)
[PASS] test_Constructor_EmitsEvent() (gas: 4930301)
[PASS] test_Constructor_Success() (gas: 64145)
[PASS] test_EncodeDecodeOutcomeId() (gas: 17308)
[PASS] test_GetAllLinePrices() (gas: 93427)
[PASS] test_GetAllLinePrices_AfterBets() (gas: 280816)
[PASS] test_GetCurrentPrice() (gas: 34502)
[PASS] test_GetLines() (gas: 16755)
[PASS] test_GetMarketInfo() (gas: 39308)
[PASS] test_PlaceBet_FirstLine_Over() (gas: 246587)
[PASS] test_PlaceBet_MultipleLinesMultipleUsers() (gas: 655788)
[PASS] test_PlaceBet_SecondLine_Under() (gas: 243039)
[PASS] test_PlaceBet_ThirdLine_Over() (gas: 242486)
[PASS] test_SetLinkedLinesController() (gas: 1549453)
[PASS] test_SetPricingEngine() (gas: 797691)
[PASS] test_ShouldLock_False() (gas: 13940)
[PASS] test_ShouldLock_True() (gas: 15506)
Suite result: ok. 23 passed; 0 failed; 0 skipped; finished in 11.25ms (13.45ms CPU time)

Ran 31 tests for test/unit/WDL_Template_V2.t.sol:WDL_Template_V2Test
[PASS] testRevert_Constructor_InvalidMatchId() (gas: 4397552)
[PASS] testRevert_Constructor_KickoffInPast() (gas: 4396388)
[PASS] testRevert_PlaceBet_ExceedsReserve() (gas: 226655)
[PASS] testRevert_PlaceBet_InvalidOutcome() (gas: 45314)
[PASS] testRevert_SetPricingEngine_Unauthorized() (gas: 38414)
[PASS] testRevert_SetPricingEngine_ZeroAddress() (gas: 35954)
[PASS] test_CalculateShares_UsesVirtualReserves() (gas: 349609)
[PASS] test_Constructor_InitializesVirtualReserves() (gas: 17014)
[PASS] test_Constructor_SetsMatchInfo() (gas: 35069)
[PASS] test_Constructor_SetsOutcomeCount() (gas: 9310)
[PASS] test_Constructor_SetsPricingEngine() (gas: 10344)
[PASS] test_Finalize_ReturnsToVault() (gas: 560332)
[PASS] test_FirstBet_BorrowsFromVault() (gas: 364103)
[PASS] test_FullMarketCycle_WithVault() (gas: 846285)
[PASS] test_Gas_PlaceBet() (gas: 351203)
[PASS] test_GetAllPrices_ReturnsArray() (gas: 33956)
[PASS] test_GetInitialBorrowAmount_Returns100k() (gas: 9222)
[PASS] test_GetPrice_AfterBet_Increases() (gas: 388621)
[PASS] test_GetPrice_UsesSimpleCPMM() (gas: 66298)
[PASS] test_GetVirtualReserves_ReturnsCorrectArray() (gas: 17137)
[PASS] test_LargeBet_WithinLimits() (gas: 348858)
[PASS] test_MultipleBettors_SharedReserves() (gas: 532551)
[PASS] test_OutcomeNames_Correct() (gas: 27949)
[PASS] test_PlaceBet_UpdatesReserves() (gas: 374265)
[PASS] test_PriceDiscovery_Arbitrage() (gas: 408350)
[PASS] test_PriceDiscovery_ThreeWayMarket() (gas: 408589)
[PASS] test_PriceMovement_AfterLargeBet() (gas: 388368)
[PASS] test_SetPricingEngine_UpdatesEngine() (gas: 801216)
[PASS] test_SmallBet_StillWorks() (gas: 349194)
[PASS] test_VirtualReserves_AfterMultipleBets() (gas: 550060)
[PASS] test_VirtualReserves_EmitsEvent() (gas: 359781)
Suite result: ok. 31 passed; 0 failed; 0 skipped; finished in 11.55ms (13.29ms CPU time)

Ran 25 tests for test/unit/Basket.t.sol:BasketTest
[PASS] test_BatchSettle_Success() (gas: 2952030)
[PASS] test_Constructor_RevertIf_InvalidGuard() (gas: 265913)
[PASS] test_Constructor_RevertIf_InvalidOddsLimits() (gas: 267419)
[PASS] test_Constructor_RevertIf_InvalidToken() (gas: 265733)
[PASS] test_Constructor_Success() (gas: 23052)
[PASS] test_CreateParlay_MultipleUsers() (gas: 1599303)
[PASS] test_CreateParlay_RevertIf_SlippageExceeded() (gas: 492919)
[PASS] test_CreateParlay_RevertIf_ZeroStake() (gas: 42106)
[PASS] test_CreateParlay_Success() (gas: 875003)
[PASS] test_Quote_BlockedByCorrelation() (gas: 173723)
[PASS] test_Quote_RevertIf_TooFewLegs() (gas: 14484)
[PASS] test_Quote_RevertIf_TooManyLegs() (gas: 22007)
[PASS] test_Quote_SameMatch_AppliesPenalty() (gas: 170089)
[PASS] test_Quote_ThreeLegs_Success() (gas: 150473)
[PASS] test_Quote_TwoLegs_Success() (gas: 104249)
[PASS] test_SetCorrelationGuard_RevertIf_NotOwner() (gas: 35177)
[PASS] test_SetCorrelationGuard_Success() (gas: 1359915)
[PASS] test_SetMaxLegs_RevertIf_TooSmall() (gas: 33677)
[PASS] test_SetMaxLegs_Success() (gas: 39645)
[PASS] test_SetOddsLimits_RevertIf_Invalid() (gas: 32882)
[PASS] test_SetOddsLimits_Success() (gas: 46801)
[PASS] test_SettleParlay_Lost() (gas: 1253442)
[PASS] test_SettleParlay_RevertIf_AlreadySettled() (gas: 1539544)
[PASS] test_SettleParlay_RevertIf_NotReady() (gas: 875143)
[PASS] test_SettleParlay_Won() (gas: 1601301)
Suite result: ok. 25 passed; 0 failed; 0 skipped; finished in 15.25ms (25.23ms CPU time)

Ran 11 tests for test/unit/PayoutScaler.t.sol:PayoutScalerTest
[PASS] test_CalculateScale_InsufficientBudget() (gas: 248676)
[PASS] test_CalculateScale_SufficientBudget() (gas: 246577)
[PASS] test_Constructor() (gas: 13624)
[PASS] test_EmergencyWithdraw() (gas: 69791)
[PASS] test_GetPeriodScale() (gas: 249606)
[PASS] test_MarkBudgetUsed() (gas: 304097)
[PASS] test_PreviewScale() (gas: 11175)
[PASS] test_RefillBudget() (gas: 103594)
[PASS] test_RevertWhen_CalculateScaleBudgetExhausted() (gas: 332344)
[PASS] test_SetAutoScale() (gas: 30461)
[PASS] test_SetTreasury() (gas: 39370)
Suite result: ok. 11 passed; 0 failed; 0 skipped; finished in 15.81ms (1.69ms CPU time)

Ran 8 tests for test/integration/SystemIntegration_V2.t.sol:SystemIntegration_V2Test
[PASS] test_Integration_BatchMarketCreation() (gas: 48211959)
[PASS] test_Integration_EmergencyPauseSystem() (gas: 5586468)
[PASS] test_Integration_FullMarketLifecycle() (gas: 6026156)
[PASS] test_Integration_LargeBetPriceImpact() (gas: 5357504)
[PASS] test_Integration_MultipleMarketsSharedVault() (gas: 15790287)
[PASS] test_Integration_MultipleWinnersProportionalPayout() (gas: 5989801)
[PASS] test_Integration_VaultUtilizationLimit() (gas: 51418579)
[PASS] test_Integration_VirtualReservesBalance() (gas: 5610106)
Suite result: ok. 8 passed; 0 failed; 0 skipped; finished in 15.61ms (33.89ms CPU time)

Ran 6 tests for test/integration/BasketIntegration.t.sol:BasketIntegrationTest
[PASS] testIntegration_CorrelationRule_DynamicUpdate() (gas: 778235)
[FAIL: ERC20InsufficientAllowance(0x03A6a84cD762D9707A21605b548aaaB891562aAb, 0, 10000000000 [1e10])] testIntegration_CreateParlay_DifferentMatches() (gas: 838311)
[FAIL: ERC20InsufficientAllowance(0x03A6a84cD762D9707A21605b548aaaB891562aAb, 0, 10000000000 [1e10])] testIntegration_CreateParlay_SameMatch_WithPenalty() (gas: 811706)
[FAIL: ERC20InsufficientAllowance(0x03A6a84cD762D9707A21605b548aaaB891562aAb, 0, 10000000000 [1e10])] testIntegration_GasUsage_CreateParlay() (gas: 838035)
[FAIL: ERC20InsufficientAllowance(0x03A6a84cD762D9707A21605b548aaaB891562aAb, 0, 5000000000 [5e9])] testIntegration_MultipleUsers_ConcurrentParlays() (gas: 838201)
[PASS] testIntegration_ReserveManagement() (gas: 273880)
Suite result: FAILED. 2 passed; 4 failed; 0 skipped; finished in 22.24ms (8.66ms CPU time)

Ran 4 tests for test/integration/OU_Integration.t.sol:OU_IntegrationTest
[PASS] test_CannotBetOnInvalidOutcome() (gas: 44476)
[PASS] test_FullFlow_Over_HalfLine() (gas: 860145)
[PASS] test_FullFlow_Under_HalfLine() (gas: 796118)
[PASS] test_MultiUser_DifferentOutcomes() (gas: 1001089)
Suite result: ok. 4 passed; 0 failed; 0 skipped; finished in 23.17ms (3.24ms CPU time)

Ran 47 tests for test/unit/OU_Template.t.sol:OU_TemplateTest
[PASS] testRevert_AutoLock_AlreadyLocked() (gas: 106928)
[PASS] testRevert_AutoLock_TooEarly() (gas: 33012)
[PASS] testRevert_Constructor_IntegerLine() (gas: 4130574)
[PASS] testRevert_Constructor_InvalidAwayTeam() (gas: 4129709)
[PASS] testRevert_Constructor_InvalidHomeTeam() (gas: 4129799)
[PASS] testRevert_Constructor_InvalidLine_TooHigh() (gas: 4131387)
[PASS] testRevert_Constructor_InvalidLine_Zero() (gas: 4130787)
[PASS] testRevert_Constructor_InvalidMatchId() (gas: 4129456)
[PASS] testRevert_Constructor_InvalidPricingEngine() (gas: 4128892)
[PASS] testRevert_Constructor_KickoffTimeInPast() (gas: 4128536)
[PASS] testRevert_Finalize_DisputePeriodNotEnded() (gas: 146445)
[PASS] testRevert_Finalize_NotResolved() (gas: 105296)
[PASS] testRevert_InvalidOutcome_GetCurrentPrice() (gas: 10560)
[PASS] testRevert_Lock_AlreadyLocked() (gas: 105994)
[PASS] testRevert_Lock_NotOwner() (gas: 36980)
[PASS] testRevert_PlaceBet_AfterLock() (gas: 159309)
[PASS] testRevert_PlaceBet_InvalidOutcome() (gas: 97358)
[PASS] testRevert_PlaceBet_ZeroAmount() (gas: 44528)
[PASS] testRevert_Redeem_BeforeFinalization() (gas: 327123)
[PASS] testRevert_Redeem_LosingOutcome() (gas: 405697)
[PASS] testRevert_Resolve_InvalidOutcome() (gas: 109017)
[PASS] testRevert_Resolve_NotLocked() (gas: 35557)
[PASS] testRevert_Resolve_NotOwner() (gas: 107014)
[PASS] testRevert_SetPricingEngine_AfterLock() (gas: 862496)
[PASS] testRevert_SetPricingEngine_InvalidAddress() (gas: 35932)
[PASS] test_AutoLock_BeforeKickoff() (gas: 83374)
[PASS] test_Constructor_EmitsEvent() (gas: 4480166)
[PASS] test_Constructor_Success() (gas: 50614)
[PASS] test_Finalize_AfterDisputePeriod() (gas: 154513)
[PASS] test_FullLifecycle_OverWins() (gas: 661750)
[PASS] test_FullLifecycle_UnderWins() (gas: 623350)
[PASS] test_GetAllPrices() (gas: 25041)
[PASS] test_GetCurrentPrice_AfterBets() (gas: 592434)
[PASS] test_GetCurrentPrice_InitialState() (gas: 36789)
[PASS] test_GetLineDisplay() (gas: 10249)
[PASS] test_GetMarketInfo() (gas: 29233)
[PASS] test_HalfLine_OnlyOverOrUnder() (gas: 116208)
[PASS] test_Lock_ManualByOwner() (gas: 86843)
[PASS] test_PlaceBet_MultipleBets() (gas: 425190)
[PASS] test_PlaceBet_Over() (gas: 237268)
[PASS] test_PlaceBet_Under() (gas: 234700)
[PASS] test_Redeem_WinningOutcome_Over() (gas: 621475)
[PASS] test_Resolve_Over() (gas: 122145)
[PASS] test_Resolve_Under() (gas: 134652)
[PASS] test_SetPricingEngine() (gas: 797838)
[PASS] test_ShouldLock_ReturnsFalse() (gas: 8787)
[PASS] test_ShouldLock_ReturnsTrue() (gas: 14627)
Suite result: ok. 47 passed; 0 failed; 0 skipped; finished in 23.24ms (16.40ms CPU time)

Ran 33 tests for test/unit/MarketBase_V2.t.sol:MarketBase_V2Test
[PASS] testRevert_AddLiquidity_Deprecated() (gas: 10153)
[PASS] testRevert_DisputePeriod_BeforeFinalize() (gas: 459710)
[PASS] testRevert_EmergencyWithdrawUser_InsufficientBalance() (gas: 355213)
[PASS] testRevert_EmergencyWithdrawUser_Unauthorized() (gas: 346932)
[PASS] testRevert_Lock_Unauthorized() (gas: 36023)
[PASS] testRevert_PlaceBetWithSlippage_ExceedsLimit() (gas: 3812229)
[PASS] testRevert_PlaceBetWithSlippage_InvalidLimit() (gas: 43386)
[PASS] testRevert_PlaceBet_AfterLock() (gas: 419882)
[PASS] testRevert_PlaceBet_InvalidOutcome() (gas: 45124)
[PASS] testRevert_PlaceBet_ZeroAmount() (gas: 44365)
[PASS] testRevert_Redeem_BeforeResolve() (gas: 345197)
[PASS] testRevert_Redeem_LosingOutcome() (gas: 460597)
[PASS] testRevert_Resolve_BeforeLock() (gas: 37057)
[PASS] testRevert_SetFeeRate_TooHigh() (gas: 34952)
[PASS] test_BorrowAmount_MatchesImplementation() (gas: 321880)
[PASS] test_CalculateFee_NoDiscount() (gas: 13143)
[PASS] test_CheckSlippage_Calculation() (gas: 3652)
[PASS] test_DisputePeriod_PassedFinalize() (gas: 500885)
[PASS] test_EmergencyWithdrawUser_ByOwner() (gas: 393988)
[PASS] test_EmergencyWithdraw_UpdatesTotalLiquidity() (gas: 379621)
[PASS] test_Finalize_RepaysToVault() (gas: 531743)
[PASS] test_FirstBet_TriggersVaultBorrow() (gas: 341645)
[PASS] test_GetUserPosition() (gas: 322167)
[PASS] test_MarketLifecycle_WithVault() (gas: 751786)
[PASS] test_MultipleBets_NoDuplicateBorrow() (gas: 464993)
[PASS] test_MultipleBets_SharedLiquidity() (gas: 450294)
[PASS] test_Pause_StopsBetting() (gas: 88165)
[PASS] test_PlaceBetWithSlippage_AcceptsLowSlippage() (gas: 320048)
[PASS] test_RedeemAll_AutoRepayRemaining() (gas: 599274)
[PASS] test_SetFeeRate() (gas: 45339)
[PASS] test_SetFeeRecipient() (gas: 47050)
[PASS] test_TotalLiquidity_IncludesVaultAndBets() (gas: 324604)
[PASS] test_Unpause_ResumesBetting() (gas: 389975)
Suite result: ok. 33 passed; 0 failed; 0 skipped; finished in 24.26ms (7.17ms CPU time)

Ran 6 tests for test/unit/MarketBase_Redeem.t.sol:MarketBase_RedeemTest
[PASS] test_PartialRedemption() (gas: 535124)
[PASS] test_ProportionalRedeem_ThreeUsers() (gas: 880218)
[PASS] test_ProportionalRedeem_TwoUsers() (gas: 670166)
[PASS] test_ProportionalRedemptionPreventsLiquidityDrain() (gas: 676508)
[PASS] test_SingleUserRedeem() (gas: 458754)
[PASS] test_TotalSupplyUpdatesCorrectly() (gas: 681827)
Suite result: ok. 6 passed; 0 failed; 0 skipped; finished in 28.31ms (2.59ms CPU time)

Ran 8 tests for test/integration/ScoreTemplate_LMSR_Integration.t.sol:ScoreTemplate_LMSR_IntegrationTest
[FAIL: MarketBase: Invalid outcome] testIntegration_FullLifecycle() (gas: 5134060)
[FAIL: Gas usage should be < 300k for 17-outcome market: 2353406 >= 300000] testIntegration_GasUsage_PlaceBet() (gas: 2365825)
[PASS] testIntegration_MarketCreation() (gas: 48750)
[FAIL: ERC20InsufficientAllowance(0xA4AD4f68d0b91CFD19687c881e50f3A00242828c, 0, 4900000000 [4.9e9])] testIntegration_MultipleBets_ConcurrentUsers() (gas: 2441692)
[FAIL: panic: array out-of-bounds access (0x32)] testIntegration_Odds_DynamicChange() (gas: 3791393)
[PASS] testIntegration_PlaceBet_SingleOutcome() (gas: 2690841)
[PASS] testIntegration_ScoreEncoding() (gas: 13980)
[FAIL: MarketBase: Invalid outcome] testIntegration_Settle_AndRedeem() (gas: 2403800)
Suite result: FAILED. 3 passed; 5 failed; 0 skipped; finished in 29.68ms (95.97ms CPU time)

Ran 12 tests for test/integration/CampaignQuest.t.sol:CampaignQuestIntegrationTest
[PASS] test_AccessControl_OnlyOperatorUpdatesProgress() (gas: 712536)
[PASS] test_CampaignBudgetExhaustion() (gas: 1297392)
[PASS] test_CampaignBudgetIncrease_AndReopen() (gas: 1372628)
[PASS] test_CampaignPause_BlocksNewQuests() (gas: 645297)
[PASS] test_CompleteUserJourney_FirstBet() (gas: 864361)
[PASS] test_IncrementalProgress_VolumeQuest() (gas: 1001588)
[PASS] test_MultipleQuests_SameCampaign() (gas: 1765252)
[PASS] test_MultipleUsers_DifferentQuests() (gas: 1881594)
[PASS] test_QueryFunctions() (gas: 894119)
[PASS] test_QuestCompletionCount() (gas: 1217573)
[PASS] test_QuestPauseResume_WithActiveCampaign() (gas: 917533)
[PASS] test_QuestTimeRange_OutsideCampaign() (gas: 787810)
Suite result: ok. 12 passed; 0 failed; 0 skipped; finished in 32.66ms (5.44ms CPU time)

Ran 32 tests for test/unit/MarketFactory_v2.t.sol:MarketFactory_v2Test
[PASS] testRevert_AddMarketCreator_Unauthorized() (gas: 37452)
[PASS] testRevert_RecordMarket_DuplicateMarket() (gas: 4821219)
[PASS] testRevert_RecordMarket_InactiveTemplate() (gas: 4669732)
[PASS] testRevert_RecordMarket_Unauthorized() (gas: 4637806)
[PASS] testRevert_RegisterTemplate_AlreadyExists() (gas: 41995)
[PASS] testRevert_RegisterTemplate_EmptyName() (gas: 39043)
[PASS] testRevert_RegisterTemplate_Unauthorized() (gas: 38637)
[PASS] testRevert_RegisterTemplate_ZeroAddress() (gas: 36571)
[PASS] testRevert_SetTemplateActive_NotFound() (gas: 37635)
[PASS] testRevert_TransferMarketOwnership_Unauthorized() (gas: 4846277)
[PASS] test_AddMarketCreator_GrantsRole() (gas: 72042)
[PASS] test_BatchAddMarketCreators() (gas: 145880)
[PASS] test_Constructor_GrantsRoles() (gas: 16888)
[PASS] test_GetAllTemplateIds() (gas: 14316)
[PASS] test_GetMarket() (gas: 4791876)
[PASS] test_GetMarketCount() (gas: 4795462)
[PASS] test_GetMarketOwners_ReturnsArray() (gas: 9522949)
[PASS] test_GetTemplateInfo() (gas: 32203)
[PASS] test_IsMarketCreator() (gas: 75012)
[PASS] test_MultipleTemplates_Coexist() (gas: 4847897)
[PASS] test_Pause_StopsMarketCreation() (gas: 4688949)
[PASS] test_RecordMarket_EmitsEvent() (gas: 4787624)
[PASS] test_RecordMarket_RegistersExternal() (gas: 4808248)
[PASS] test_RecordMarket_TracksOwner() (gas: 4788896)
[PASS] test_RegisterTemplate_EmitsEvent() (gas: 4808131)
[PASS] test_RegisterTemplate_Success() (gas: 4826537)
[PASS] test_RemoveMarketCreator_RevokesRole() (gas: 100372)
[PASS] test_SetTemplateActive_TogglesStatus() (gas: 130562)
[PASS] test_TemplateMarketCount_Independent() (gas: 9531090)
[PASS] test_TransferMarketOwnership_ByAdmin() (gas: 4870539)
[PASS] test_Unpause_ResumesMarketCreation() (gas: 4858923)
[PASS] test_UpdateMarketOwnerRecord_Syncs() (gas: 4862654)
Suite result: ok. 32 passed; 0 failed; 0 skipped; finished in 32.68ms (14.15ms CPU time)

Ran 32 tests for test/unit/MarketTemplateRegistry.t.sol:MarketTemplateRegistryTest
[PASS] test_CalculateTemplateId() (gas: 9140)
[PASS] test_Constructor_NotPaused() (gas: 8776)
[PASS] test_Constructor_SetsOwner() (gas: 9321)
[PASS] test_GetActiveTemplateIds_AllActive() (gas: 432210)
[PASS] test_GetActiveTemplateIds_SomeInactive() (gas: 457132)
[PASS] test_GetAllMarkets_EmptyInitially() (gas: 8814)
[PASS] test_GetAllTemplateIds() (gas: 429364)
[PASS] test_GetMarketCount_ZeroInitially() (gas: 8178)
[PASS] test_GetTemplateInfo() (gas: 244577)
[PASS] test_GetTemplateMarketCount() (gas: 222690)
[PASS] test_Pause_RevertIf_NotOwner() (gas: 34643)
[PASS] test_Pause_Success() (gas: 36805)
[PASS] test_RegisterMultipleVersions_SameTemplate() (gas: 423879)
[PASS] test_RegisterTemplate_MultipleDifferent() (gas: 424083)
[PASS] test_RegisterTemplate_RevertIf_DuplicateImplementation() (gas: 251036)
[PASS] test_RegisterTemplate_RevertIf_DuplicateNameVersion() (gas: 255987)
[PASS] test_RegisterTemplate_RevertIf_EmptyName() (gas: 36231)
[PASS] test_RegisterTemplate_RevertIf_EmptyVersion() (gas: 36290)
[PASS] test_RegisterTemplate_RevertIf_NotOwner() (gas: 38686)
[PASS] test_RegisterTemplate_RevertIf_ZeroAddress() (gas: 34777)
[PASS] test_RegisterTemplate_Success() (gas: 255676)
[PASS] test_SetTemplateActive_Deactivate() (gas: 263358)
[PASS] test_SetTemplateActive_Reactivate() (gas: 310102)
[PASS] test_SetTemplateActive_RevertIf_NotOwner() (gas: 250137)
[PASS] test_SetTemplateActive_RevertIf_NotRegistered() (gas: 37219)
[PASS] test_TemplateIdCollisionResistance() (gas: 13239)
[PASS] test_Unpause_RevertIf_NotOwner() (gas: 64107)
[PASS] test_Unpause_Success() (gas: 64788)
[PASS] test_UnregisterDoesNotAffectOtherTemplates() (gas: 471276)
[PASS] test_UnregisterTemplate_RevertIf_NotOwner() (gas: 249125)
[PASS] test_UnregisterTemplate_RevertIf_NotRegistered() (gas: 37857)
[PASS] test_UnregisterTemplate_Success() (gas: 282490)
Suite result: ok. 32 passed; 0 failed; 0 skipped; finished in 32.53ms (5.40ms CPU time)

Ran 35 tests for test/ParamController.t.sol:ParamControllerTest
[PASS] test_CancelProposal_ByAdmin() (gas: 258307)
[PASS] test_CancelProposal_ByProposer() (gas: 255759)
[PASS] test_CancelProposal_RevertNotAuthorized() (gas: 239265)
[PASS] test_Constructor() (gas: 27126)
[PASS] test_Constructor_RevertInvalidTimelockDelay() (gas: 411260)
[PASS] test_ExecuteProposal() (gas: 281268)
[PASS] test_ExecuteProposal_RevertAlreadyExecuted() (gas: 289896)
[PASS] test_ExecuteProposal_RevertCancelled() (gas: 273627)
[PASS] test_ExecuteProposal_RevertNotExecutor() (gas: 234774)
[PASS] test_ExecuteProposal_RevertProposalNotFound() (gas: 40459)
[PASS] test_ExecuteProposal_RevertTimelockNotExpired() (gas: 241197)
[PASS] test_FullProposalLifecycle() (gas: 283184)
[PASS] test_GetParam() (gas: 16549)
[PASS] test_GetParam_RevertNotRegistered() (gas: 12055)
[PASS] test_GetParams() (gas: 17996)
[PASS] test_MultipleProposals() (gas: 729944)
[PASS] test_Pause() (gas: 97200)
[PASS] test_Pause_RevertNotGuardian() (gas: 35244)
[PASS] test_ProposeChange() (gas: 227694)
[PASS] test_ProposeChange_RevertNotProposer() (gas: 37294)
[PASS] test_ProposeChange_RevertParamNotRegistered() (gas: 41306)
[PASS] test_ProposeChange_RevertSameValue() (gas: 43483)
[PASS] test_ProposeChange_RevertValidationFailed() (gas: 227020)
[PASS] test_ProposeChange_WithValidation() (gas: 403141)
[PASS] test_RegisterParam() (gas: 93324)
[PASS] test_RegisterParam_RevertAlreadyRegistered() (gas: 35749)
[PASS] test_RegisterParam_RevertNotAdmin() (gas: 36325)
[PASS] test_RegisterParam_RevertValidationFailed() (gas: 115601)
[PASS] test_RegisterParam_WithValidator() (gas: 189837)
[PASS] test_RegisterParamsBatch() (gas: 201345)
[PASS] test_TryGetParam() (gas: 13957)
[PASS] test_Unpause() (gas: 285467)
[PASS] test_UpdateTimelockDelay() (gas: 44129)
[PASS] test_UpdateTimelockDelay_RevertInvalid() (gas: 33378)
[PASS] test_UpdateValidator() (gas: 64990)
Suite result: ok. 35 passed; 0 failed; 0 skipped; finished in 32.91ms (7.63ms CPU time)

Ran 25 tests for test/unit/CorrelationGuard.t.sol:CorrelationGuardTest
[PASS] testFuzz_SetCorrelationRule(uint256) (runs: 256, Î¼: 113551, ~: 114721)
[PASS] test_BatchRegisterMarkets_Success() (gas: 85040)
[PASS] test_BatchSetRules_Success() (gas: 217521)
[PASS] test_CalculatePenalty_CappedAt100Percent() (gas: 411212)
[PASS] test_CalculatePenalty_MultipleLegs() (gas: 412551)
[PASS] test_CalculatePenalty_NoPenalty() (gas: 148452)
[PASS] test_CalculatePenalty_SameMatch_UsesDefault() (gas: 149786)
[PASS] test_CalculatePenalty_WithRule() (gas: 244925)
[PASS] test_CheckBlocked_AllowAll_NeverBlocks() (gas: 227675)
[PASS] test_CheckBlocked_SameMatch_StrictBlock() (gas: 153355)
[PASS] test_CheckBlocked_StrictBlock_BlocksCorrelated() (gas: 248094)
[PASS] test_Constructor_EmitsEvents() (gas: 1347786)
[PASS] test_Constructor_RevertIf_InvalidPenalty() (gas: 209621)
[PASS] test_Constructor_Success() (gas: 12029)
[PASS] test_RegisterMarket_Success() (gas: 55957)
[PASS] test_SetCorrelationRule_Blocked() (gas: 111920)
[PASS] test_SetCorrelationRule_OrderIndependent() (gas: 112052)
[PASS] test_SetCorrelationRule_RevertIf_InvalidPenalty() (gas: 33942)
[PASS] test_SetCorrelationRule_RevertIf_NotAuthorized() (gas: 36583)
[PASS] test_SetCorrelationRule_Success() (gas: 118006)
[PASS] test_SetDefaultPenalty_RevertIf_InvalidPenalty() (gas: 32817)
[PASS] test_SetDefaultPenalty_RevertIf_NotOwner() (gas: 35638)
[PASS] test_SetDefaultPenalty_Success() (gas: 43251)
[PASS] test_SetPolicy_RevertIf_NotOwner() (gas: 34781)
[PASS] test_SetPolicy_Success() (gas: 44304)
Suite result: ok. 25 passed; 0 failed; 0 skipped; finished in 43.55ms (45.52ms CPU time)

Ran 4 tests for test/integration/KeeperUMAIntegration.t.sol:KeeperUMAIntegrationTest
[PASS] test_E2E_ErrorRecovery_DisputerWins() (gas: 1201108)
[PASS] test_E2E_KeeperWorkflow_NoDispute() (gas: 1460460)
[PASS] test_E2E_KeeperWorkflow_WithDispute_ProposerWins() (gas: 1291438)
[PASS] test_E2E_MultipleMarkets_ParallelSettlement() (gas: 16587264)
Suite result: ok. 4 passed; 0 failed; 0 skipped; finished in 53.83ms (22.12ms CPU time)

Ran 26 tests for test/unit/Campaign.t.sol:CampaignTest
[PASS] testRevert_Constructor_InvalidAdmin() (gas: 201923)
[PASS] testRevert_CreateCampaign_AlreadyExists() (gas: 279946)
[PASS] testRevert_CreateCampaign_InvalidBudget() (gas: 42816)
[PASS] testRevert_CreateCampaign_InvalidTimeRange() (gas: 42215)
[PASS] testRevert_CreateCampaign_NotAdmin() (gas: 42572)
[PASS] testRevert_CreateCampaign_StartTimeInPast() (gas: 38090)
[PASS] testRevert_IncreaseBudget_InvalidAmount() (gas: 277189)
[PASS] testRevert_Participate_AlreadyParticipated() (gas: 369905)
[PASS] testRevert_Participate_CampaignEnded() (gas: 288914)
[PASS] testRevert_Participate_CampaignNotStarted() (gas: 286491)
[PASS] testRevert_Participate_CampaignPaused() (gas: 335579)
[PASS] testRevert_RecordSpending_BudgetExceeded() (gas: 281138)
[PASS] testRevert_RecordSpending_NotOperator() (gas: 277693)
[PASS] testRevert_ResumeCampaign_AfterEndTime() (gas: 333554)
[PASS] test_Constructor_Success() (gas: 20445)
[PASS] test_CreateCampaign_Success() (gas: 285727)
[PASS] test_EndCampaign_Success() (gas: 332355)
[PASS] test_GetAllCampaignIds() (gas: 474789)
[PASS] test_GetCampaignCount() (gas: 478817)
[PASS] test_IncreaseBudget_Success() (gas: 310027)
[PASS] test_IsActive() (gas: 351964)
[PASS] test_MultipleParticipants() (gas: 496254)
[PASS] test_Participate_Success() (gas: 360431)
[PASS] test_PauseCampaign_Success() (gas: 332041)
[PASS] test_RecordSpending_Success() (gas: 336096)
[PASS] test_ResumeCampaign_Success() (gas: 353312)
Suite result: ok. 26 passed; 0 failed; 0 skipped; finished in 53.66ms (3.85ms CPU time)

Ran 34 tests for test/unit/LMSR.t.sol:LMSRTest
